<?xml version="1.0" encoding="UTF-8" ?>
<testsuite failures="0" time="0.004" errors="0" skipped="0" tests="1" name="com.yph.infcenter.DeleteFilesTest">
  <properties>
    <property name="java.runtime.name" value="Java(TM) SE Runtime Environment"/>
    <property name="sun.boot.library.path" value="D:\Genuitec\Common\binary\com.sun.java.jdk.win32.x86_1.6.0.013\jre\bin"/>
    <property name="java.vm.version" value="11.3-b02"/>
    <property name="java.vm.vendor" value="Sun Microsystems Inc."/>
    <property name="java.vendor.url" value="http://java.sun.com/"/>
    <property name="path.separator" value=";"/>
    <property name="java.vm.name" value="Java HotSpot(TM) Client VM"/>
    <property name="file.encoding.pkg" value="sun.io"/>
    <property name="user.country" value="CN"/>
    <property name="sun.java.launcher" value="SUN_STANDARD"/>
    <property name="sun.os.patch.level" value=""/>
    <property name="java.vm.specification.name" value="Java Virtual Machine Specification"/>
    <property name="user.dir" value="E:\my_workspace\new_infcenter"/>
    <property name="java.runtime.version" value="1.6.0_13-b03"/>
    <property name="java.awt.graphicsenv" value="sun.awt.Win32GraphicsEnvironment"/>
    <property name="basedir" value="E:\my_workspace\new_infcenter"/>
    <property name="java.endorsed.dirs" value="D:\Genuitec\Common\binary\com.sun.java.jdk.win32.x86_1.6.0.013\jre\lib\endorsed"/>
    <property name="os.arch" value="x86"/>
    <property name="surefire.real.class.path" value="C:\Users\bin\AppData\Local\Temp\surefirebooter8027086168220603949.jar"/>
    <property name="java.io.tmpdir" value="C:\Users\bin\AppData\Local\Temp\"/>
    <property name="line.separator" value="
"/>
    <property name="java.vm.specification.vendor" value="Sun Microsystems Inc."/>
    <property name="user.variant" value=""/>
    <property name="os.name" value="Windows Vista"/>
    <property name="sun.jnu.encoding" value="GBK"/>
    <property name="java.library.path" value="D:\Genuitec\Common\binary\com.sun.java.jdk.win32.x86_1.6.0.013\jre\bin;.;C:\windows\Sun\Java\bin;C:\windows\system32;C:\windows;D:\Genuitec\Common\binary\com.sun.java.jdk.win32.x86_1.6.0.013\jre\bin;D:/Genuitec/Common/binary/com.sun.java.jdk.win32.x86_1.6.0.013/jre/bin/client;D:/Genuitec/Common/binary/com.sun.java.jdk.win32.x86_1.6.0.013/jre/bin;D:\apache-ant-1.9.5/bin;D:\apache-maven-3.2.3/bin;C:\Program Files\Java\jdk1.7.0_51/bin;E:\product\11.1.0\client_1;E:\app\bin\product\11.2.0\dbhome_1\bin;C:\Program Files (x86)\NVIDIA Corporation\PhysX\Common;C:\Program Files (x86)\Intel\iCLS Client\;C:\Program Files\Intel\iCLS Client\;C:\windows\system32;C:\windows;C:\windows\System32\Wbem;C:\windows\System32\WindowsPowerShell\v1.0\;C:\Program Files\Intel\Intel(R) Management Engine Components\DAL;C:\Program Files\Intel\Intel(R) Management Engine Components\IPT;C:\Program Files (x86)\Intel\Intel(R) Management Engine Components\DAL;C:\Program Files (x86)\Intel\Intel(R) Management Engine Components\IPT;C:\Program Files\Lenovo\Bluetooth Software\;C:\Program Files\Lenovo\Bluetooth Software\syswow64;;C:\Program Files (x86)\Lenovo\Voice SDK;C:\Program Files (x86)\Lenovo\Lenovo Home\;D:\Program Files\TortoiseSVN\bin;C:\Program Files (x86)\IDM Computer Solutions\UltraEdit\;C:\Program Files (x86)\SSH Communications Security\SSH Secure Shell"/>
    <property name="surefire.test.class.path" value="E:\my_workspace\new_infcenter\target\test-classes;E:\my_workspace\new_infcenter\WebRoot\WEB-INF\classes;E:\maven\repository\junit\junit\4.8.2\junit-4.8.2.jar;E:\maven\repository\javax\servlet\servlet-api\2.4\servlet-api-2.4.jar;E:\maven\repository\log4j\log4j\1.2.16\log4j-1.2.16.jar;E:\maven\repository\jboss\jboss-j2ee\4.0.0\jboss-j2ee-4.0.0.jar;E:\maven\repository\jboss\jboss-common\4.0.0\jboss-common-4.0.0.jar;E:\maven\repository\slide\webdavlib\1.0.16\webdavlib-1.0.16.jar;E:\maven\repository\javax\xml\jaxrpc-api\1.1\jaxrpc-api-1.1.jar;E:\maven\repository\jboss\jboss-jsr77\3.2.3\jboss-jsr77-3.2.3.jar;E:\maven\repository\javax\mail\mail\1.4.1\mail-1.4.1.jar;E:\maven\repository\javax\activation\activation\1.1\activation-1.1.jar;E:\maven\repository\xerces\xmlParserAPIs\2.6.2\xmlParserAPIs-2.6.2.jar;E:\maven\repository\org\aspectj\aspectjweaver\1.6.11\aspectjweaver-1.6.11.jar;E:\maven\repository\org\springframework\spring-core\3.1.0.RELEASE\spring-core-3.1.0.RELEASE.jar;E:\maven\repository\org\springframework\spring-asm\3.1.0.RELEASE\spring-asm-3.1.0.RELEASE.jar;E:\maven\repository\commons-logging\commons-logging\1.1.1\commons-logging-1.1.1.jar;E:\maven\repository\org\springframework\spring-aop\3.1.0.RELEASE\spring-aop-3.1.0.RELEASE.jar;E:\maven\repository\aopalliance\aopalliance\1.0\aopalliance-1.0.jar;E:\maven\repository\org\springframework\spring-beans\3.1.0.RELEASE\spring-beans-3.1.0.RELEASE.jar;E:\maven\repository\org\springframework\spring-context\3.1.0.RELEASE\spring-context-3.1.0.RELEASE.jar;E:\maven\repository\org\springframework\spring-expression\3.1.0.RELEASE\spring-expression-3.1.0.RELEASE.jar;E:\maven\repository\org\springframework\spring-context-support\3.1.0.RELEASE\spring-context-support-3.1.0.RELEASE.jar;E:\maven\repository\org\springframework\spring-orm\3.1.0.RELEASE\spring-orm-3.1.0.RELEASE.jar;E:\maven\repository\org\springframework\spring-jdbc\3.1.0.RELEASE\spring-jdbc-3.1.0.RELEASE.jar;E:\maven\repository\org\springframework\spring-tx\3.1.0.RELEASE\spring-tx-3.1.0.RELEASE.jar;E:\maven\repository\org\springframework\spring-jms\3.1.0.RELEASE\spring-jms-3.1.0.RELEASE.jar;E:\maven\repository\commons-codec\commons-codec\1.2\commons-codec-1.2.jar;E:\maven\repository\commons-discovery\commons-discovery\0.2\commons-discovery-0.2.jar;E:\maven\repository\commons-beanutils\commons-beanutils-core\1.8.0\commons-beanutils-core-1.8.0.jar;E:\maven\repository\commons-collections\commons-collections\3.2.1\commons-collections-3.2.1.jar;E:\maven\repository\commons-dbcp\commons-dbcp\1.4\commons-dbcp-1.4.jar;E:\maven\repository\commons-pool\commons-pool\1.5.7\commons-pool-1.5.7.jar;E:\maven\repository\commons-io\commons-io\2.1\commons-io-2.1.jar;E:\maven\repository\commons-lang\commons-lang\2.6\commons-lang-2.6.jar;E:\maven\repository\org\apache\commons\commons-lang3\3.3.1\commons-lang3-3.3.1.jar;E:\maven\repository\commons-net\commons-net\3.0.1\commons-net-3.0.1.jar;E:\maven\repository\org\apache\geronimo\specs\geronimo-annotation_1.1_spec\1.0.1\geronimo-annotation_1.1_spec-1.0.1.jar;E:\maven\repository\org\apache\geronimo\specs\geronimo-j2ee-management_1.1_spec\1.0.1\geronimo-j2ee-management_1.1_spec-1.0.1.jar;E:\maven\repository\org\apache\geronimo\specs\geronimo-ws-metadata_2.0_spec\1.1.3\geronimo-ws-metadata_2.0_spec-1.1.3.jar;E:\maven\repository\org\slf4j\slf4j-api\1.6.4\slf4j-api-1.6.4.jar;E:\maven\repository\org\slf4j\slf4j-log4j12\1.6.4\slf4j-log4j12-1.6.4.jar;E:\maven\repository\org\slf4j\slf4j-simple\1.5.8\slf4j-simple-1.5.8.jar;E:\maven\repository\org\devlib\schmidt\imageinfo\1.9\imageinfo-1.9.jar;E:\maven\repository\net\fckeditor\java-core\2.6\java-core-2.6.jar;E:\maven\repository\commons-fileupload\commons-fileupload\1.2.2\commons-fileupload-1.2.2.jar;E:\maven\repository\net\sf\json-lib\json-lib\2.4\json-lib-2.4-jdk15.jar;E:\maven\repository\commons-beanutils\commons-beanutils\1.8.0\commons-beanutils-1.8.0.jar;E:\maven\repository\net\sf\ezmorph\ezmorph\1.0.6\ezmorph-1.0.6.jar;E:\maven\repository\org\springframework\spring-test\3.1.0.RELEASE\spring-test-3.1.0.RELEASE.jar;E:\maven\repository\org\springframework\spring-webmvc\3.1.0.RELEASE\spring-webmvc-3.1.0.RELEASE.jar;E:\maven\repository\org\springframework\spring-web\3.1.0.RELEASE\spring-web-3.1.0.RELEASE.jar;E:\maven\repository\org\codehaus\jackson\jackson-mapper-asl\1.9.11\jackson-mapper-asl-1.9.11.jar;E:\maven\repository\org\codehaus\jackson\jackson-core-asl\1.9.11\jackson-core-asl-1.9.11.jar;E:\maven\repository\org\mybatis\mybatis\3.1.1\mybatis-3.1.1.jar;E:\maven\repository\org\mybatis\mybatis-spring\1.1.1\mybatis-spring-1.1.1.jar;E:\maven\repository\jstl\jstl\1.2\jstl-1.2.jar;E:\maven\repository\stax\stax\1.2.0\stax-1.2.0.jar;E:\maven\repository\stax\stax-api\1.0.1\stax-api-1.0.1.jar;E:\maven\repository\wsdl4j\wsdl4j\1.6.2\wsdl4j-1.6.2.jar;E:\maven\repository\commons-httpclient\commons-httpclient\3.1\commons-httpclient-3.1.jar;E:\maven\repository\org\springframework\security\spring-security-web\3.1.0.RELEASE\spring-security-web-3.1.0.RELEASE.jar;E:\maven\repository\org\springframework\security\spring-security-core\3.1.0.RELEASE\spring-security-core-3.1.0.RELEASE.jar;E:\maven\repository\org\springframework\security\spring-security-crypto\3.1.0.RELEASE\spring-security-crypto-3.1.0.RELEASE.jar;E:\maven\repository\org\springframework\security\spring-security-openid\3.1.0.RELEASE\spring-security-openid-3.1.0.RELEASE.jar;E:\maven\repository\org\apache\httpcomponents\httpclient\4.1.1\httpclient-4.1.1.jar;E:\maven\repository\org\apache\httpcomponents\httpcore\4.1\httpcore-4.1.jar;E:\maven\repository\com\google\inject\guice\2.0\guice-2.0.jar;E:\maven\repository\org\openid4java\openid4java-nodeps\0.9.6\openid4java-nodeps-0.9.6.jar;E:\maven\repository\net\jcip\jcip-annotations\1.0\jcip-annotations-1.0.jar;E:\maven\repository\org\springframework\security\spring-security-config\3.1.0.RELEASE\spring-security-config-3.1.0.RELEASE.jar;E:\maven\repository\quartz\quartz\1.5.2\quartz-1.5.2.jar;E:\maven\repository\org\opensaml\opensaml\1.1\opensaml-1.1.jar;E:\maven\repository\xml-apis\xml-apis\1.4.01\xml-apis-1.4.01.jar;E:\maven\repository\org\springframework\security\spring-security-taglibs\3.1.0.RELEASE\spring-security-taglibs-3.1.0.RELEASE.jar;E:\maven\repository\org\springframework\security\spring-security-acl\3.1.0.RELEASE\spring-security-acl-3.1.0.RELEASE.jar;E:\maven\repository\org\springframework\security\spring-security-ldap\3.1.0.RELEASE\spring-security-ldap-3.1.0.RELEASE.jar;E:\maven\repository\org\springframework\ldap\spring-ldap-core\1.3.1.RELEASE\spring-ldap-core-1.3.1.RELEASE.jar;E:\maven\repository\mysql\mysql-connector-java\5.1.25\mysql-connector-java-5.1.25.jar;E:\maven\repository\dom4j\dom4j\1.6.1\dom4j-1.6.1.jar;E:\maven\repository\taglibs\standard\1.1.2\standard-1.1.2.jar;E:\maven\repository\javax\xml\bind\jaxb-api\2.1\jaxb-api-2.1.jar;E:\maven\repository\javax\xml\stream\stax-api\1.0-2\stax-api-1.0-2.jar;E:\maven\repository\org\slf4j\jul-to-slf4j\1.5.8\jul-to-slf4j-1.5.8.jar;E:\maven\repository\org\apache\openejb\javaee-api\5.0-1\javaee-api-5.0-1.jar;E:\maven\repository\javax\faces\jsf-api\1.2_04\jsf-api-1.2_04.jar;E:\maven\repository\javax\servlet\jstl\1.2\jstl-1.2.jar;E:\maven\repository\javax\servlet\jsp\jsp-api\2.1\jsp-api-2.1.jar;E:\maven\repository\javax\faces\jsf-impl\1.2_04\jsf-impl-1.2_04.jar;E:\maven\repository\com\alibaba\druid\1.0.4\druid-1.0.4.jar;E:\maven\repository\com\alibaba\fastjson\1.1.23\fastjson-1.1.23.jar;E:\maven\repository\httpunit\httpunit\1.7\httpunit-1.7.jar;E:\maven\repository\jtidy\jtidy\4aug2000r7-dev\jtidy-4aug2000r7-dev.jar;E:\maven\repository\com\belerweb\pinyin4j\2.5.0\pinyin4j-2.5.0.jar;E:\maven\repository\com\jcraft\jsch\0.1.48\jsch-0.1.48.jar;E:\maven\repository\velocity\velocity\1.5\velocity-1.5.jar;E:\maven\repository\oro\oro\2.0.8\oro-2.0.8.jar;E:\maven\repository\com\yph\toolcenter-client\1.5.1\toolcenter-client-1.5.1.jar;E:\maven\repository\org\csource\fastdfs-client\1.25\fastdfs-client-1.25.jar;E:\maven\repository\org\slf4j\jcl-over-slf4j\1.6.4\jcl-over-slf4j-1.6.4.jar;E:\maven\repository\redis\clients\jedis\2.0.0\jedis-2.0.0.jar;E:\maven\repository\org\tuckey\urlrewritefilter\4.0.3\urlrewritefilter-4.0.3.jar;"/>
    <property name="java.specification.name" value="Java Platform API Specification"/>
    <property name="java.class.version" value="50.0"/>
    <property name="sun.management.compiler" value="HotSpot Client Compiler"/>
    <property name="os.version" value="6.2"/>
    <property name="user.home" value="C:\Users\bin"/>
    <property name="user.timezone" value="Asia/Shanghai"/>
    <property name="java.awt.printerjob" value="sun.awt.windows.WPrinterJob"/>
    <property name="java.specification.version" value="1.6"/>
    <property name="file.encoding" value="GBK"/>
    <property name="user.name" value="bin"/>
    <property name="java.class.path" value="E:\my_workspace\new_infcenter\target\test-classes;E:\my_workspace\new_infcenter\WebRoot\WEB-INF\classes;E:\maven\repository\junit\junit\4.8.2\junit-4.8.2.jar;E:\maven\repository\javax\servlet\servlet-api\2.4\servlet-api-2.4.jar;E:\maven\repository\log4j\log4j\1.2.16\log4j-1.2.16.jar;E:\maven\repository\jboss\jboss-j2ee\4.0.0\jboss-j2ee-4.0.0.jar;E:\maven\repository\jboss\jboss-common\4.0.0\jboss-common-4.0.0.jar;E:\maven\repository\slide\webdavlib\1.0.16\webdavlib-1.0.16.jar;E:\maven\repository\javax\xml\jaxrpc-api\1.1\jaxrpc-api-1.1.jar;E:\maven\repository\jboss\jboss-jsr77\3.2.3\jboss-jsr77-3.2.3.jar;E:\maven\repository\javax\mail\mail\1.4.1\mail-1.4.1.jar;E:\maven\repository\javax\activation\activation\1.1\activation-1.1.jar;E:\maven\repository\xerces\xmlParserAPIs\2.6.2\xmlParserAPIs-2.6.2.jar;E:\maven\repository\org\aspectj\aspectjweaver\1.6.11\aspectjweaver-1.6.11.jar;E:\maven\repository\org\springframework\spring-core\3.1.0.RELEASE\spring-core-3.1.0.RELEASE.jar;E:\maven\repository\org\springframework\spring-asm\3.1.0.RELEASE\spring-asm-3.1.0.RELEASE.jar;E:\maven\repository\commons-logging\commons-logging\1.1.1\commons-logging-1.1.1.jar;E:\maven\repository\org\springframework\spring-aop\3.1.0.RELEASE\spring-aop-3.1.0.RELEASE.jar;E:\maven\repository\aopalliance\aopalliance\1.0\aopalliance-1.0.jar;E:\maven\repository\org\springframework\spring-beans\3.1.0.RELEASE\spring-beans-3.1.0.RELEASE.jar;E:\maven\repository\org\springframework\spring-context\3.1.0.RELEASE\spring-context-3.1.0.RELEASE.jar;E:\maven\repository\org\springframework\spring-expression\3.1.0.RELEASE\spring-expression-3.1.0.RELEASE.jar;E:\maven\repository\org\springframework\spring-context-support\3.1.0.RELEASE\spring-context-support-3.1.0.RELEASE.jar;E:\maven\repository\org\springframework\spring-orm\3.1.0.RELEASE\spring-orm-3.1.0.RELEASE.jar;E:\maven\repository\org\springframework\spring-jdbc\3.1.0.RELEASE\spring-jdbc-3.1.0.RELEASE.jar;E:\maven\repository\org\springframework\spring-tx\3.1.0.RELEASE\spring-tx-3.1.0.RELEASE.jar;E:\maven\repository\org\springframework\spring-jms\3.1.0.RELEASE\spring-jms-3.1.0.RELEASE.jar;E:\maven\repository\commons-codec\commons-codec\1.2\commons-codec-1.2.jar;E:\maven\repository\commons-discovery\commons-discovery\0.2\commons-discovery-0.2.jar;E:\maven\repository\commons-beanutils\commons-beanutils-core\1.8.0\commons-beanutils-core-1.8.0.jar;E:\maven\repository\commons-collections\commons-collections\3.2.1\commons-collections-3.2.1.jar;E:\maven\repository\commons-dbcp\commons-dbcp\1.4\commons-dbcp-1.4.jar;E:\maven\repository\commons-pool\commons-pool\1.5.7\commons-pool-1.5.7.jar;E:\maven\repository\commons-io\commons-io\2.1\commons-io-2.1.jar;E:\maven\repository\commons-lang\commons-lang\2.6\commons-lang-2.6.jar;E:\maven\repository\org\apache\commons\commons-lang3\3.3.1\commons-lang3-3.3.1.jar;E:\maven\repository\commons-net\commons-net\3.0.1\commons-net-3.0.1.jar;E:\maven\repository\org\apache\geronimo\specs\geronimo-annotation_1.1_spec\1.0.1\geronimo-annotation_1.1_spec-1.0.1.jar;E:\maven\repository\org\apache\geronimo\specs\geronimo-j2ee-management_1.1_spec\1.0.1\geronimo-j2ee-management_1.1_spec-1.0.1.jar;E:\maven\repository\org\apache\geronimo\specs\geronimo-ws-metadata_2.0_spec\1.1.3\geronimo-ws-metadata_2.0_spec-1.1.3.jar;E:\maven\repository\org\slf4j\slf4j-api\1.6.4\slf4j-api-1.6.4.jar;E:\maven\repository\org\slf4j\slf4j-log4j12\1.6.4\slf4j-log4j12-1.6.4.jar;E:\maven\repository\org\slf4j\slf4j-simple\1.5.8\slf4j-simple-1.5.8.jar;E:\maven\repository\org\devlib\schmidt\imageinfo\1.9\imageinfo-1.9.jar;E:\maven\repository\net\fckeditor\java-core\2.6\java-core-2.6.jar;E:\maven\repository\commons-fileupload\commons-fileupload\1.2.2\commons-fileupload-1.2.2.jar;E:\maven\repository\net\sf\json-lib\json-lib\2.4\json-lib-2.4-jdk15.jar;E:\maven\repository\commons-beanutils\commons-beanutils\1.8.0\commons-beanutils-1.8.0.jar;E:\maven\repository\net\sf\ezmorph\ezmorph\1.0.6\ezmorph-1.0.6.jar;E:\maven\repository\org\springframework\spring-test\3.1.0.RELEASE\spring-test-3.1.0.RELEASE.jar;E:\maven\repository\org\springframework\spring-webmvc\3.1.0.RELEASE\spring-webmvc-3.1.0.RELEASE.jar;E:\maven\repository\org\springframework\spring-web\3.1.0.RELEASE\spring-web-3.1.0.RELEASE.jar;E:\maven\repository\org\codehaus\jackson\jackson-mapper-asl\1.9.11\jackson-mapper-asl-1.9.11.jar;E:\maven\repository\org\codehaus\jackson\jackson-core-asl\1.9.11\jackson-core-asl-1.9.11.jar;E:\maven\repository\org\mybatis\mybatis\3.1.1\mybatis-3.1.1.jar;E:\maven\repository\org\mybatis\mybatis-spring\1.1.1\mybatis-spring-1.1.1.jar;E:\maven\repository\jstl\jstl\1.2\jstl-1.2.jar;E:\maven\repository\stax\stax\1.2.0\stax-1.2.0.jar;E:\maven\repository\stax\stax-api\1.0.1\stax-api-1.0.1.jar;E:\maven\repository\wsdl4j\wsdl4j\1.6.2\wsdl4j-1.6.2.jar;E:\maven\repository\commons-httpclient\commons-httpclient\3.1\commons-httpclient-3.1.jar;E:\maven\repository\org\springframework\security\spring-security-web\3.1.0.RELEASE\spring-security-web-3.1.0.RELEASE.jar;E:\maven\repository\org\springframework\security\spring-security-core\3.1.0.RELEASE\spring-security-core-3.1.0.RELEASE.jar;E:\maven\repository\org\springframework\security\spring-security-crypto\3.1.0.RELEASE\spring-security-crypto-3.1.0.RELEASE.jar;E:\maven\repository\org\springframework\security\spring-security-openid\3.1.0.RELEASE\spring-security-openid-3.1.0.RELEASE.jar;E:\maven\repository\org\apache\httpcomponents\httpclient\4.1.1\httpclient-4.1.1.jar;E:\maven\repository\org\apache\httpcomponents\httpcore\4.1\httpcore-4.1.jar;E:\maven\repository\com\google\inject\guice\2.0\guice-2.0.jar;E:\maven\repository\org\openid4java\openid4java-nodeps\0.9.6\openid4java-nodeps-0.9.6.jar;E:\maven\repository\net\jcip\jcip-annotations\1.0\jcip-annotations-1.0.jar;E:\maven\repository\org\springframework\security\spring-security-config\3.1.0.RELEASE\spring-security-config-3.1.0.RELEASE.jar;E:\maven\repository\quartz\quartz\1.5.2\quartz-1.5.2.jar;E:\maven\repository\org\opensaml\opensaml\1.1\opensaml-1.1.jar;E:\maven\repository\xml-apis\xml-apis\1.4.01\xml-apis-1.4.01.jar;E:\maven\repository\org\springframework\security\spring-security-taglibs\3.1.0.RELEASE\spring-security-taglibs-3.1.0.RELEASE.jar;E:\maven\repository\org\springframework\security\spring-security-acl\3.1.0.RELEASE\spring-security-acl-3.1.0.RELEASE.jar;E:\maven\repository\org\springframework\security\spring-security-ldap\3.1.0.RELEASE\spring-security-ldap-3.1.0.RELEASE.jar;E:\maven\repository\org\springframework\ldap\spring-ldap-core\1.3.1.RELEASE\spring-ldap-core-1.3.1.RELEASE.jar;E:\maven\repository\mysql\mysql-connector-java\5.1.25\mysql-connector-java-5.1.25.jar;E:\maven\repository\dom4j\dom4j\1.6.1\dom4j-1.6.1.jar;E:\maven\repository\taglibs\standard\1.1.2\standard-1.1.2.jar;E:\maven\repository\javax\xml\bind\jaxb-api\2.1\jaxb-api-2.1.jar;E:\maven\repository\javax\xml\stream\stax-api\1.0-2\stax-api-1.0-2.jar;E:\maven\repository\org\slf4j\jul-to-slf4j\1.5.8\jul-to-slf4j-1.5.8.jar;E:\maven\repository\org\apache\openejb\javaee-api\5.0-1\javaee-api-5.0-1.jar;E:\maven\repository\javax\faces\jsf-api\1.2_04\jsf-api-1.2_04.jar;E:\maven\repository\javax\servlet\jstl\1.2\jstl-1.2.jar;E:\maven\repository\javax\servlet\jsp\jsp-api\2.1\jsp-api-2.1.jar;E:\maven\repository\javax\faces\jsf-impl\1.2_04\jsf-impl-1.2_04.jar;E:\maven\repository\com\alibaba\druid\1.0.4\druid-1.0.4.jar;E:\maven\repository\com\alibaba\fastjson\1.1.23\fastjson-1.1.23.jar;E:\maven\repository\httpunit\httpunit\1.7\httpunit-1.7.jar;E:\maven\repository\jtidy\jtidy\4aug2000r7-dev\jtidy-4aug2000r7-dev.jar;E:\maven\repository\com\belerweb\pinyin4j\2.5.0\pinyin4j-2.5.0.jar;E:\maven\repository\com\jcraft\jsch\0.1.48\jsch-0.1.48.jar;E:\maven\repository\velocity\velocity\1.5\velocity-1.5.jar;E:\maven\repository\oro\oro\2.0.8\oro-2.0.8.jar;E:\maven\repository\com\yph\toolcenter-client\1.5.1\toolcenter-client-1.5.1.jar;E:\maven\repository\org\csource\fastdfs-client\1.25\fastdfs-client-1.25.jar;E:\maven\repository\org\slf4j\jcl-over-slf4j\1.6.4\jcl-over-slf4j-1.6.4.jar;E:\maven\repository\redis\clients\jedis\2.0.0\jedis-2.0.0.jar;E:\maven\repository\org\tuckey\urlrewritefilter\4.0.3\urlrewritefilter-4.0.3.jar;"/>
    <property name="java.vm.specification.version" value="1.0"/>
    <property name="sun.arch.data.model" value="32"/>
    <property name="java.home" value="D:\Genuitec\Common\binary\com.sun.java.jdk.win32.x86_1.6.0.013\jre"/>
    <property name="java.specification.vendor" value="Sun Microsystems Inc."/>
    <property name="user.language" value="zh"/>
    <property name="awt.toolkit" value="sun.awt.windows.WToolkit"/>
    <property name="java.vm.info" value="mixed mode"/>
    <property name="java.version" value="1.6.0_13"/>
    <property name="java.ext.dirs" value="D:\Genuitec\Common\binary\com.sun.java.jdk.win32.x86_1.6.0.013\jre\lib\ext;C:\windows\Sun\Java\lib\ext"/>
    <property name="sun.boot.class.path" value="D:\Genuitec\Common\binary\com.sun.java.jdk.win32.x86_1.6.0.013\jre\lib\resources.jar;D:\Genuitec\Common\binary\com.sun.java.jdk.win32.x86_1.6.0.013\jre\lib\rt.jar;D:\Genuitec\Common\binary\com.sun.java.jdk.win32.x86_1.6.0.013\jre\lib\sunrsasign.jar;D:\Genuitec\Common\binary\com.sun.java.jdk.win32.x86_1.6.0.013\jre\lib\jsse.jar;D:\Genuitec\Common\binary\com.sun.java.jdk.win32.x86_1.6.0.013\jre\lib\jce.jar;D:\Genuitec\Common\binary\com.sun.java.jdk.win32.x86_1.6.0.013\jre\lib\charsets.jar;D:\Genuitec\Common\binary\com.sun.java.jdk.win32.x86_1.6.0.013\jre\classes"/>
    <property name="java.vendor" value="Sun Microsystems Inc."/>
    <property name="localRepository" value="E:\maven\repository"/>
    <property name="file.separator" value="\"/>
    <property name="java.vendor.url.bug" value="http://java.sun.com/cgi-bin/bugreport.cgi"/>
    <property name="sun.cpu.endian" value="little"/>
    <property name="sun.io.unicode.encoding" value="UnicodeLittle"/>
    <property name="sun.desktop" value="windows"/>
    <property name="sun.cpu.isalist" value="pentium_pro+mmx pentium_pro pentium+mmx pentium i486 i386 i86"/>
  </properties>
  <testcase time="0.002" classname="com.yph.infcenter.DeleteFilesTest" name="deleteFiles"/>
</testsuite>